nohup: ignoring input

> comments@0.0.0 start /home/bitnami/CS360/lab8_new/comments
> node ./bin/www

[0mGET / [36m304 [0m87.868 ms - -[0m
Connected
[0mGET /javascripts/comments.js [36m304 [0m1.436 ms - -[0m
[0mGET / [36m304 [0m0.769 ms - -[0m
[0mGET /javascripts/comments.js [36m304 [0m0.397 ms - -[0m
In the GET route?
[ { __v: 0,
    Donation: 55,
    Comment: 'Good show',
    Name: 'Bill',
    _id: 56e78da08064df99577a1a2a },
  { __v: 0,
    Donation: 37,
    Comment: 'Wow!!',
    Name: 'Tyrell',
    _id: 56e78db88064df99577a1a2b },
  { __v: 0,
    Donation: 1,
    Comment: 'Do you want to eat toast?',
    Name: 'Nacho',
    _id: 56e78eed8064df99577a1a2c },
  { __v: 0,
    Donation: 12.34,
    Comment: 'Stupendous',
    Name: 'Lizzy',
    _id: 56e78f7f8064df99577a1a2d },
  { __v: 0,
    Donation: -51.12,
    Comment: 'That was just the worst.',
    Name: 'Morgan',
    _id: 56e78fba8064df99577a1a2e },
  { __v: 0,
    Donation: 33,
    Comment: 'aa',
    Name: 'New',
    _id: 56e790ba99a2b714584990df } ]
[0mGET /comment [36m304 [0m413.674 ms - -[0m
[0mGET / [36m304 [0m0.306 ms - -[0m
[0mGET /javascripts/comments.js [36m304 [0m0.284 ms - -[0m
In the GET route?
[ { __v: 0,
    Donation: 55,
    Comment: 'Good show',
    Name: 'Bill',
    _id: 56e78da08064df99577a1a2a },
  { __v: 0,
    Donation: 37,
    Comment: 'Wow!!',
    Name: 'Tyrell',
    _id: 56e78db88064df99577a1a2b },
  { __v: 0,
    Donation: 1,
    Comment: 'Do you want to eat toast?',
    Name: 'Nacho',
    _id: 56e78eed8064df99577a1a2c },
  { __v: 0,
    Donation: 12.34,
    Comment: 'Stupendous',
    Name: 'Lizzy',
    _id: 56e78f7f8064df99577a1a2d },
  { __v: 0,
    Donation: -51.12,
    Comment: 'That was just the worst.',
    Name: 'Morgan',
    _id: 56e78fba8064df99577a1a2e },
  { __v: 0,
    Donation: 33,
    Comment: 'aa',
    Name: 'New',
    _id: 56e790ba99a2b714584990df } ]
[0mGET /comment [36m304 [0m83.125 ms - -[0m
In the GET route?
[ { __v: 0,
    Donation: 55,
    Comment: 'Good show',
    Name: 'Bill',
    _id: 56e78da08064df99577a1a2a },
  { __v: 0,
    Donation: 37,
    Comment: 'Wow!!',
    Name: 'Tyrell',
    _id: 56e78db88064df99577a1a2b },
  { __v: 0,
    Donation: 1,
    Comment: 'Do you want to eat toast?',
    Name: 'Nacho',
    _id: 56e78eed8064df99577a1a2c },
  { __v: 0,
    Donation: 12.34,
    Comment: 'Stupendous',
    Name: 'Lizzy',
    _id: 56e78f7f8064df99577a1a2d },
  { __v: 0,
    Donation: -51.12,
    Comment: 'That was just the worst.',
    Name: 'Morgan',
    _id: 56e78fba8064df99577a1a2e },
  { __v: 0,
    Donation: 33,
    Comment: 'aa',
    Name: 'New',
    _id: 56e790ba99a2b714584990df } ]
[0mGET /comment [36m304 [0m2.860 ms - -[0m
[0mGET / [32m200 [0m2.354 ms - 727[0m
[0mGET /javascripts/comments.js [32m200 [0m1.103 ms - 1149[0m
[0mGET /favicon.ico [33m404 [0m7584.346 ms - 1834[0m
POST comment route
{ _id: 56e87a13eeaae35e596e670d,
  Donation: 0,
  Comment: 'a',
  Name: 'a' }
{ _id: 56e87a13eeaae35e596e670d,
  Donation: 0,
  Comment: 'a',
  Name: 'a',
  __v: 0 }
[0mPOST /comment [32m200 [0m576.383 ms - 2[0m
In the GET route?
[ { __v: 0,
    Donation: 55,
    Comment: 'Good show',
    Name: 'Bill',
    _id: 56e78da08064df99577a1a2a },
  { __v: 0,
    Donation: 37,
    Comment: 'Wow!!',
    Name: 'Tyrell',
    _id: 56e78db88064df99577a1a2b },
  { __v: 0,
    Donation: 1,
    Comment: 'Do you want to eat toast?',
    Name: 'Nacho',
    _id: 56e78eed8064df99577a1a2c },
  { __v: 0,
    Donation: 12.34,
    Comment: 'Stupendous',
    Name: 'Lizzy',
    _id: 56e78f7f8064df99577a1a2d },
  { __v: 0,
    Donation: -51.12,
    Comment: 'That was just the worst.',
    Name: 'Morgan',
    _id: 56e78fba8064df99577a1a2e },
  { __v: 0,
    Donation: 33,
    Comment: 'aa',
    Name: 'New',
    _id: 56e790ba99a2b714584990df },
  { __v: 0,
    Donation: 0,
    Comment: 'a',
    Name: 'a',
    _id: 56e87a13eeaae35e596e670d } ]
[0mGET /comment [32m200 [0m82.543 ms - 672[0m
POST comment route
{ _id: 56e87a19eeaae35e596e670e,
  Donation: 1,
  Comment: 'a',
  Name: 'a' }
{ _id: 56e87a19eeaae35e596e670e,
  Donation: 1,
  Comment: 'a',
  Name: 'a',
  __v: 0 }
[0mPOST /comment [32m200 [0m41.544 ms - 2[0m
In the GET route?
[ { __v: 0,
    Donation: 55,
    Comment: 'Good show',
    Name: 'Bill',
    _id: 56e78da08064df99577a1a2a },
  { __v: 0,
    Donation: 37,
    Comment: 'Wow!!',
    Name: 'Tyrell',
    _id: 56e78db88064df99577a1a2b },
  { __v: 0,
    Donation: 1,
    Comment: 'Do you want to eat toast?',
    Name: 'Nacho',
    _id: 56e78eed8064df99577a1a2c },
  { __v: 0,
    Donation: 12.34,
    Comment: 'Stupendous',
    Name: 'Lizzy',
    _id: 56e78f7f8064df99577a1a2d },
  { __v: 0,
    Donation: -51.12,
    Comment: 'That was just the worst.',
    Name: 'Morgan',
    _id: 56e78fba8064df99577a1a2e },
  { __v: 0,
    Donation: 33,
    Comment: 'aa',
    Name: 'New',
    _id: 56e790ba99a2b714584990df },
  { __v: 0,
    Donation: 0,
    Comment: 'a',
    Name: 'a',
    _id: 56e87a13eeaae35e596e670d },
  { __v: 0,
    Donation: 1,
    Comment: 'a',
    Name: 'a',
    _id: 56e87a19eeaae35e596e670e } ]
[0mGET /comment [32m200 [0m87.394 ms - 753[0m
